[0.011s] Invoking command in '/home/dongkuo/lt_ws/loc_ws/build/scout_base': CMAKE_PREFIX_PATH=/opt/ros/humble:/home/dongkuo/lt_ws/loc_ws/install/ugv_sdk:/home/dongkuo/lt_ws/loc_ws/install/scout_msgs:/home/dongkuo/lt_ws/loc_ws/install/scout_base:/home/dongkuo/lt_ws/loc_ws/install/scout_description:/home/dongkuo/lt_ws/loc_ws/install/point2d_loc:/home/dongkuo/lt_ws/loc_ws/install/nav_demo:/home/dongkuo/lt_ws/loc_ws/install/fast_lio:/home/dongkuo/lt_ws/loc_ws/install/livox_ros_driver2:/home/dongkuo/lt_ws/realsense_ws/install/realsense2_description:/home/dongkuo/lt_ws/realsense_ws/install/realsense2_camera:/home/dongkuo/lt_ws/realsense_ws/install/realsense2_camera_msgs:/home/dongkuo/lt_ws/realsense_ws/install/depth_to_cloud_converter:/opt/vulcanexus/humble /usr/bin/cmake --build /home/dongkuo/lt_ws/loc_ws/build/scout_base -- -j32 -l32
[0.061s] [ 33%] [32mBuilding CXX object CMakeFiles/scout_base_node.dir/src/scout_base_ros.cpp.o[0m
[1.424s] In file included from [01m[K/home/dongkuo/lt_ws/loc_ws/src/scout_ros2_driver/scout_ros2/scout_base/src/scout_base_ros.cpp:12[m[K:
[1.424s] [01m[K/home/dongkuo/lt_ws/loc_ws/src/scout_ros2_driver/scout_ros2/scout_base/include/scout_base/scout_messenger.hpp:[m[K In member function â€˜[01m[Kvoid westonrobot::ScoutMessenger<ScoutType>::PublishOdometryToROS(const MotionStateMessage&, double)[m[Kâ€™:
[1.424s] [01m[K/home/dongkuo/lt_ws/loc_ws/src/scout_ros2_driver/scout_ros2/scout_base/include/scout_base/scout_messenger.hpp:274:5:[m[K [01;31m[Kerror: [m[Kâ€˜[01m[Kpublish[m[Kâ€™ was not declared in this scope
[1.424s]   274 |     [01;31m[Kpublish[m[K tf transformation
[1.424s]       |     [01;31m[K^~~~~~~[m[K
[1.427s] [01m[K/home/dongkuo/lt_ws/loc_ws/src/scout_ros2_driver/scout_ros2/scout_base/include/scout_base/scout_messenger.hpp:276:5:[m[K [01;31m[Kerror: [m[Kâ€˜[01m[Ktf_msg[m[Kâ€™ was not declared in this scope; did you mean â€˜[01m[Ktf2_msgs[m[Kâ€™?
[1.427s]   276 |     [01;31m[Ktf_msg[m[K.header.stamp = current_time_;
[1.427s]       |     [01;31m[K^~~~~~[m[K
[1.427s]       |     [32m[Ktf2_msgs[m[K
[3.319s] gmake[2]: *** [CMakeFiles/scout_base_node.dir/build.make:76: CMakeFiles/scout_base_node.dir/src/scout_base_ros.cpp.o] Error 1
[3.320s] gmake[1]: *** [CMakeFiles/Makefile2:137: CMakeFiles/scout_base_node.dir/all] Error 2
[3.320s] gmake: *** [Makefile:146: all] Error 2
[3.322s] Invoked command in '/home/dongkuo/lt_ws/loc_ws/build/scout_base' returned '2': CMAKE_PREFIX_PATH=/opt/ros/humble:/home/dongkuo/lt_ws/loc_ws/install/ugv_sdk:/home/dongkuo/lt_ws/loc_ws/install/scout_msgs:/home/dongkuo/lt_ws/loc_ws/install/scout_base:/home/dongkuo/lt_ws/loc_ws/install/scout_description:/home/dongkuo/lt_ws/loc_ws/install/point2d_loc:/home/dongkuo/lt_ws/loc_ws/install/nav_demo:/home/dongkuo/lt_ws/loc_ws/install/fast_lio:/home/dongkuo/lt_ws/loc_ws/install/livox_ros_driver2:/home/dongkuo/lt_ws/realsense_ws/install/realsense2_description:/home/dongkuo/lt_ws/realsense_ws/install/realsense2_camera:/home/dongkuo/lt_ws/realsense_ws/install/realsense2_camera_msgs:/home/dongkuo/lt_ws/realsense_ws/install/depth_to_cloud_converter:/opt/vulcanexus/humble /usr/bin/cmake --build /home/dongkuo/lt_ws/loc_ws/build/scout_base -- -j32 -l32
