[0.016s] Invoking command in '/home/dongkuo/lt_ws/loc_ws/build/point2d_loc': CMAKE_PREFIX_PATH=/home/dongkuo/lt_ws/loc_ws/install/scout_base:/opt/ros/humble:/home/dongkuo/lt_ws/loc_ws/install/ugv_sdk:/home/dongkuo/lt_ws/loc_ws/install/scout_msgs:/home/dongkuo/lt_ws/loc_ws/install/scout_description:/home/dongkuo/lt_ws/loc_ws/install/point2d_loc:/home/dongkuo/lt_ws/loc_ws/install/nav_demo:/home/dongkuo/lt_ws/loc_ws/install/fast_lio:/home/dongkuo/lt_ws/loc_ws/install/livox_ros_driver2:/home/dongkuo/lt_ws/realsense_ws/install/realsense2_description:/home/dongkuo/lt_ws/realsense_ws/install/realsense2_camera:/home/dongkuo/lt_ws/realsense_ws/install/realsense2_camera_msgs:/home/dongkuo/lt_ws/realsense_ws/install/depth_to_cloud_converter:/opt/vulcanexus/humble /usr/bin/cmake --build /home/dongkuo/lt_ws/loc_ws/build/point2d_loc -- -j32 -l32
[0.055s] [35m[1mConsolidate compiler generated dependencies of target pointcloud_to_laserscan[0m
[0.066s] [ 50%] Built target point_look
[0.088s] [ 75%] [32mBuilding CXX object CMakeFiles/pointcloud_to_laserscan.dir/src/pointcloud_to_laserscan.cpp.o[0m
[3.361s] [01m[K/home/dongkuo/lt_ws/loc_ws/src/point2d_loc/src/pointcloud_to_laserscan.cpp:289:5:[m[K [01;31m[Kerror: [m[Kâ€˜[01m[Kpub_[m[Kâ€™ does not name a type
[3.362s]   289 |     [01;31m[Kpub_[m[K->publish(scan_msg);
[3.362s]       |     [01;31m[K^~~~[m[K
[3.364s] [01m[K/home/dongkuo/lt_ws/loc_ws/src/point2d_loc/src/pointcloud_to_laserscan.cpp:292:5:[m[K [01;31m[Kerror: [m[Kexpected unqualified-id before â€˜[01m[Kfor[m[Kâ€™
[3.364s]   292 |     [01;31m[Kfor[m[K (size_t i = 0; i < scan_msg.ranges.size(); ++i)
[3.364s]       |     [01;31m[K^~~[m[K
[3.365s] [01m[K/home/dongkuo/lt_ws/loc_ws/src/point2d_loc/src/pointcloud_to_laserscan.cpp:292:24:[m[K [01;31m[Kerror: [m[Kâ€˜[01m[Ki[m[Kâ€™ does not name a type
[3.365s]   292 |     for (size_t i = 0; [01;31m[Ki[m[K < scan_msg.ranges.size(); ++i)
[3.365s]       |                        [01;31m[K^[m[K
[3.365s] [01m[K/home/dongkuo/lt_ws/loc_ws/src/point2d_loc/src/pointcloud_to_laserscan.cpp:292:52:[m[K [01;31m[Kerror: [m[Kexpected unqualified-id before â€˜[01m[K++[m[Kâ€™ token
[3.365s]   292 | = 0; i < scan_msg.ranges.size(); [01;31m[K++[m[Ki)
[3.365s]       |                                  [01;31m[K^~[m[K
[3.365s] 
[3.370s] [01m[K/home/dongkuo/lt_ws/loc_ws/src/point2d_loc/src/pointcloud_to_laserscan.cpp:309:5:[m[K [01;31m[Kerror: [m[Kâ€˜[01m[Kscan_as_cloud[m[Kâ€™ does not name a type
[3.370s]   309 |     [01;31m[Kscan_as_cloud[m[K.width = scan_as_cloud.points.size();
[3.370s]       |     [01;31m[K^~~~~~~~~~~~~[m[K
[3.375s] [01m[K/home/dongkuo/lt_ws/loc_ws/src/point2d_loc/src/pointcloud_to_laserscan.cpp:310:5:[m[K [01;31m[Kerror: [m[Kâ€˜[01m[Kscan_as_cloud[m[Kâ€™ does not name a type
[3.375s]   310 |     [01;31m[Kscan_as_cloud[m[K.height = 1;
[3.375s]       |     [01;31m[K^~~~~~~~~~~~~[m[K
[3.380s] [01m[K/home/dongkuo/lt_ws/loc_ws/src/point2d_loc/src/pointcloud_to_laserscan.cpp:311:5:[m[K [01;31m[Kerror: [m[Kâ€˜[01m[Kscan_as_cloud[m[Kâ€™ does not name a type
[3.380s]   311 |     [01;31m[Kscan_as_cloud[m[K.is_dense = true;
[3.380s]       |     [01;31m[K^~~~~~~~~~~~~[m[K
[3.383s] [01m[K/home/dongkuo/lt_ws/loc_ws/src/point2d_loc/src/pointcloud_to_laserscan.cpp:312:5:[m[K [01;31m[Kerror: [m[Kâ€˜[01m[Kscan_cloud_[m[Kâ€™ does not name a type
[3.384s]   312 |     [01;31m[Kscan_cloud_[m[K->clear();
[3.384s]       |     [01;31m[K^~~~~~~~~~~[m[K
[3.384s] [01m[K/home/dongkuo/lt_ws/loc_ws/src/point2d_loc/src/pointcloud_to_laserscan.cpp:313:6:[m[K [01;31m[Kerror: [m[KISO C++ forbids declaration of â€˜[01m[Kscan_cloud_[m[Kâ€™ with no type [[01;31m[K]8;;https://gcc.gnu.org/onlinedocs/gcc/Warning-Options.html#index-fpermissive-fpermissive]8;;[m[K]
[3.384s]   313 |     *[01;31m[Kscan_cloud_[m[K = scan_as_cloud;
[3.384s]       |      [01;31m[K^~~~~~~~~~~[m[K
[3.384s] [01m[K/home/dongkuo/lt_ws/loc_ws/src/point2d_loc/src/pointcloud_to_laserscan.cpp:313:20:[m[K [01;31m[Kerror: [m[Kcannot convert â€˜[01m[Kpcl::PointCloud<pcl::PointXYZ>[m[Kâ€™ to â€˜[01m[Kint*[m[Kâ€™ in initialization
[3.384s]   313 |     *scan_cloud_ = [01;31m[Kscan_as_cloud[m[K;
[3.384s]       |                    [01;31m[K^~~~~~~~~~~~~[m[K
[3.384s]       |                    [01;31m[K|[m[K
[3.384s]       |                    [01;31m[Kpcl::PointCloud<pcl::PointXYZ>[m[K
[3.384s] [01m[K/home/dongkuo/lt_ws/loc_ws/src/point2d_loc/src/pointcloud_to_laserscan.cpp:[m[K In constructor â€˜[01m[KPointCloudTFNode::PointCloudTFNode()[m[Kâ€™:
[3.384s] [01m[K/home/dongkuo/lt_ws/loc_ws/src/point2d_loc/src/pointcloud_to_laserscan.cpp:37:57:[m[K [01;31m[Kerror: [m[Kclass â€˜[01m[KPointCloudTFNode[m[Kâ€™ does not have any field named â€˜[01m[Ktf_buffer_[m[Kâ€™
[3.384s]    37 | ointcloud_to_laserscan"), [01;31m[Ktf_buffer_[m[K(this->get_clock()), tf_listener_(tf_buffer_)
[3.384s]       |                           [01;31m[K^~~~~~~~~~[m[K
[3.384s] 
[3.384s] [01m[K/home/dongkuo/lt_ws/loc_ws/src/point2d_loc/src/pointcloud_to_laserscan.cpp:37:88:[m[K [01;31m[Kerror: [m[Kclass â€˜[01m[KPointCloudTFNode[m[Kâ€™ does not have any field named â€˜[01m[Ktf_listener_[m[Kâ€™
[3.384s]    37 | ffer_(this->get_clock()), [01;31m[Ktf_listener_[m[K(tf_buffer_)
[3.384s]       |                           [01;31m[K^~~~~~~~~~~~[m[K
[3.384s] 
[3.390s] [01m[K/home/dongkuo/lt_ws/loc_ws/src/point2d_loc/src/pointcloud_to_laserscan.cpp:37:101:[m[K [01;31m[Kerror: [m[Kâ€˜[01m[Ktf_buffer_[m[Kâ€™ was not declared in this scope
[3.390s]    37 | et_clock()), tf_listener_([01;31m[Ktf_buffer_[m[K)
[3.390s]       |                           [01;31m[K^~~~~~~~~~[m[K
[3.390s] 
[3.400s] [01m[K/home/dongkuo/lt_ws/loc_ws/src/point2d_loc/src/pointcloud_to_laserscan.cpp:47:5:[m[K [01;31m[Kerror: [m[Kâ€˜[01m[Ktarget_frame_[m[Kâ€™ was not declared in this scope
[3.400s]    47 |     [01;31m[Ktarget_frame_[m[K = this->get_parameter("target_frame").as_string();
[3.400s]       |     [01;31m[K^~~~~~~~~~~~~[m[K
[3.408s] [01m[K/home/dongkuo/lt_ws/loc_ws/src/point2d_loc/src/pointcloud_to_laserscan.cpp:48:5:[m[K [01;31m[Kerror: [m[Kâ€˜[01m[Ksource_frame_[m[Kâ€™ was not declared in this scope
[3.408s]    48 |     [01;31m[Ksource_frame_[m[K = this->get_parameter("source_frame").as_string();
[3.408s]       |     [01;31m[K^~~~~~~~~~~~~[m[K
[3.415s] [01m[K/home/dongkuo/lt_ws/loc_ws/src/point2d_loc/src/pointcloud_to_laserscan.cpp:49:5:[m[K [01;31m[Kerror: [m[Kâ€˜[01m[Kcloud_topic_[m[Kâ€™ was not declared in this scope
[3.415s]    49 |     [01;31m[Kcloud_topic_[m[K = this->get_parameter("cloud_topic").as_string();
[3.415s]       |     [01;31m[K^~~~~~~~~~~~[m[K
[3.421s] [01m[K/home/dongkuo/lt_ws/loc_ws/src/point2d_loc/src/pointcloud_to_laserscan.cpp:50:5:[m[K [01;31m[Kerror: [m[Kâ€˜[01m[Kpgm_path_[m[Kâ€™ was not declared in this scope
[3.421s]    50 |     [01;31m[Kpgm_path_[m[K = this->get_parameter("pgm_path").as_string();
[3.421s]       |     [01;31m[K^~~~~~~~~[m[K
[3.431s] [01m[K/home/dongkuo/lt_ws/loc_ws/src/point2d_loc/src/pointcloud_to_laserscan.cpp:51:5:[m[K [01;31m[Kerror: [m[Kâ€˜[01m[Kyaml_file_param_[m[Kâ€™ was not declared in this scope
[3.431s]    51 |     [01;31m[Kyaml_file_param_[m[K = this->get_parameter("yaml_file").as_string();
[3.431s]       |     [01;31m[K^~~~~~~~~~~~~~~~[m[K
[3.441s] [01m[K/home/dongkuo/lt_ws/loc_ws/src/point2d_loc/src/pointcloud_to_laserscan.cpp:52:5:[m[K [01;31m[Kerror: [m[Kâ€˜[01m[Kimage_file_param_[m[Kâ€™ was not declared in this scope
[3.441s]    52 |     [01;31m[Kimage_file_param_[m[K = this->get_parameter("image_file").as_string();
[3.441s]       |     [01;31m[K^~~~~~~~~~~~~~~~~[m[K
[3.441s] [01m[K/home/dongkuo/lt_ws/loc_ws/src/point2d_loc/src/pointcloud_to_laserscan.cpp:54:17:[m[K [01;31m[Kerror: [m[Krequest for member â€˜[01m[Kreset[m[Kâ€™ in â€˜[01m[K((PointCloudTFNode*)this)->PointCloudTFNode::scan_cloud_[m[Kâ€™, which is of non-class type â€˜[01m[Kint*[m[Kâ€™
[3.441s]    54 |     scan_cloud_.[01;31m[Kreset[m[K(new pcl::PointCloud<pcl::PointXYZ>());
[3.441s]       |                 [01;31m[K^~~~~[m[K
[3.446s] [01m[K/home/dongkuo/lt_ws/loc_ws/src/point2d_loc/src/pointcloud_to_laserscan.cpp:55:5:[m[K [01;31m[Kerror: [m[Kâ€˜[01m[Kmap_cloud_[m[Kâ€™ was not declared in this scope; did you mean â€˜[01m[Kscan_cloud_[m[Kâ€™?
[3.446s]    55 |     [01;31m[Kmap_cloud_[m[K.reset(new pcl::PointCloud<pcl::PointXYZ>());
[3.446s]       |     [01;31m[K^~~~~~~~~~[m[K
[3.446s]       |     [32m[Kscan_cloud_[m[K
[3.450s] [01m[K/home/dongkuo/lt_ws/loc_ws/src/point2d_loc/src/pointcloud_to_laserscan.cpp:60:5:[m[K [01;31m[Kerror: [m[Kâ€˜[01m[Kmap_msg_[m[Kâ€™ was not declared in this scope
[3.450s]    60 |     [01;31m[Kmap_msg_[m[K = loadMap(yaml_file, 0.05, image_file);
[3.450s]       |     [01;31m[K^~~~~~~~[m[K
[3.454s] [01m[K/home/dongkuo/lt_ws/loc_ws/src/point2d_loc/src/pointcloud_to_laserscan.cpp:60:16:[m[K [01;31m[Kerror: [m[Kâ€˜[01m[KloadMap[m[Kâ€™ was not declared in this scope
[3.454s]    60 |     map_msg_ = [01;31m[KloadMap[m[K(yaml_file, 0.05, image_file);
[3.454s]       |                [01;31m[K^~~~~~~[m[K
[3.459s] [01m[K/home/dongkuo/lt_ws/loc_ws/src/point2d_loc/src/pointcloud_to_laserscan.cpp:63:5:[m[K [01;31m[Kerror: [m[Kâ€˜[01m[Kcloud_msg_[m[Kâ€™ was not declared in this scope
[3.459s]    63 |     [01;31m[Kcloud_msg_[m[K = mapToPointCloud(map_msg_);
[3.460s]       |     [01;31m[K^~~~~~~~~~[m[K
[3.468s] [01m[K/home/dongkuo/lt_ws/loc_ws/src/point2d_loc/src/pointcloud_to_laserscan.cpp:63:18:[m[K [01;31m[Kerror: [m[Kâ€˜[01m[KmapToPointCloud[m[Kâ€™ was not declared in this scope
[3.469s]    63 |     cloud_msg_ = [01;31m[KmapToPointCloud[m[K(map_msg_);
[3.469s]       |                  [01;31m[K^~~~~~~~~~~~~~~[m[K
[3.473s] [01m[K/home/dongkuo/lt_ws/loc_ws/src/point2d_loc/src/pointcloud_to_laserscan.cpp:66:5:[m[K [01;31m[Kerror: [m[Kâ€˜[01m[Kmap_pub_[m[Kâ€™ was not declared in this scope
[3.473s]    66 |     [01;31m[Kmap_pub_[m[K = this->create_publisher<nav_msgs::msg::OccupancyGrid>("map", map_qos);
[3.473s]       |     [01;31m[K^~~~~~~~[m[K
[3.479s] [01m[K/home/dongkuo/lt_ws/loc_ws/src/point2d_loc/src/pointcloud_to_laserscan.cpp:68:5:[m[K [01;31m[Kerror: [m[Kâ€˜[01m[Ksub_[m[Kâ€™ was not declared in this scope
[3.479s]    68 |     [01;31m[Ksub_[m[K = this->create_subscription<sensor_msgs::msg::PointCloud2>(cloud_topic_, rclcpp::SensorDataQoS(),
[3.479s]       |     [01;31m[K^~~~[m[K
[3.490s] [01m[K/home/dongkuo/lt_ws/loc_ws/src/point2d_loc/src/pointcloud_to_laserscan.cpp:70:5:[m[K [01;31m[Kerror: [m[Kâ€˜[01m[Kinit_pose_sub_[m[Kâ€™ was not declared in this scope
[3.490s]    70 |     [01;31m[Kinit_pose_sub_[m[K = this->create_subscription<geometry_msgs::msg::PoseWithCovarianceStamped>(
[3.490s]       |     [01;31m[K^~~~~~~~~~~~~~[m[K
[3.514s] [01m[K/home/dongkuo/lt_ws/loc_ws/src/point2d_loc/src/pointcloud_to_laserscan.cpp:75:5:[m[K [01;31m[Kerror: [m[Kâ€˜[01m[Kpub_[m[Kâ€™ was not declared in this scope
[3.514s]    75 |     [01;31m[Kpub_[m[K = this->create_publisher<sensor_msgs::msg::LaserScan>("/scan", scan_qos);
[3.514s]       |     [01;31m[K^~~~[m[K
[3.524s] [01m[K/home/dongkuo/lt_ws/loc_ws/src/point2d_loc/src/pointcloud_to_laserscan.cpp:76:5:[m[K [01;31m[Kerror: [m[Kâ€˜[01m[Kmap_cloud_pub_[m[Kâ€™ was not declared in this scope
[3.524s]    76 |     [01;31m[Kmap_cloud_pub_[m[K = this->create_publisher<sensor_msgs::msg::PointCloud2>("/map_cloud", rclcpp::QoS(rclcpp::KeepLast(10)).reliable());
[3.524s]       |     [01;31m[K^~~~~~~~~~~~~~[m[K
[3.536s] [01m[K/home/dongkuo/lt_ws/loc_ws/src/point2d_loc/src/pointcloud_to_laserscan.cpp:77:5:[m[K [01;31m[Kerror: [m[Kâ€˜[01m[Kalign_cloud_pub_[m[Kâ€™ was not declared in this scope
[3.536s]    77 |     [01;31m[Kalign_cloud_pub_[m[K = this->create_publisher<sensor_msgs::msg::PointCloud2>("/align_cloud", rclcpp::QoS(rclcpp::KeepLast(10)).reliable());
[3.536s]       |     [01;31m[K^~~~~~~~~~~~~~~~[m[K
[3.545s] [01m[K/home/dongkuo/lt_ws/loc_ws/src/point2d_loc/src/pointcloud_to_laserscan.cpp:78:5:[m[K [01;31m[Kerror: [m[Kâ€˜[01m[Kalign_flag_pub_[m[Kâ€™ was not declared in this scope
[3.545s]    78 |     [01;31m[Kalign_flag_pub_[m[K = this->create_publisher<std_msgs::msg::Bool>("/align_flag", rclcpp::QoS(rclcpp::KeepLast(10)).reliable());
[3.545s]       |     [01;31m[K^~~~~~~~~~~~~~~[m[K
[3.555s] [01m[K/home/dongkuo/lt_ws/loc_ws/src/point2d_loc/src/pointcloud_to_laserscan.cpp:79:5:[m[K [01;31m[Kerror: [m[Kâ€˜[01m[Klocal_pos_pub_[m[Kâ€™ was not declared in this scope
[3.555s]    79 |     [01;31m[Klocal_pos_pub_[m[K = this->create_publisher<geometry_msgs::msg::PoseStamped>("/slam_init_pose", rclcpp::QoS(rclcpp::KeepLast(10)).reliable());
[3.555s]       |     [01;31m[K^~~~~~~~~~~~~~[m[K
[3.559s] [01m[K/home/dongkuo/lt_ws/loc_ws/src/point2d_loc/src/pointcloud_to_laserscan.cpp:80:5:[m[K [01;31m[Kerror: [m[Kâ€˜[01m[Ktimer_[m[Kâ€™ was not declared in this scope; did you mean â€˜[01m[Ktimer_t[m[Kâ€™?
[3.559s]    80 |     [01;31m[Ktimer_[m[K = this->create_wall_timer(std::chrono::seconds(1), [this]()
[3.559s]       |     [01;31m[K^~~~~~[m[K
[3.560s]       |     [32m[Ktimer_t[m[K
[3.560s] [01m[K/home/dongkuo/lt_ws/loc_ws/src/point2d_loc/src/pointcloud_to_laserscan.cpp:[m[K In lambda function:
[3.560s] [01m[K/home/dongkuo/lt_ws/loc_ws/src/point2d_loc/src/pointcloud_to_laserscan.cpp:81:40:[m[K [01;31m[Kerror: [m[Kâ€˜[01m[Kmap_pub_[m[Kâ€™ is not captured
[3.560s]    81 |                         { [01;31m[Kmap_pub_[m[K->publish(map_msg_); });
[3.560s]       |                           [01;31m[K^~~~~~~~[m[K
[3.560s] 
[3.560s] [01m[K/home/dongkuo/lt_ws/loc_ws/src/point2d_loc/src/pointcloud_to_laserscan.cpp:80:68:[m[K [01;36m[Knote: [m[Kthe lambda has no capture-default
[3.560s]    80 | mer(std::chrono::seconds(1), [this[01;36m[K][m[K()
[3.560s]       |                                   [01;36m[K^[m[K
[3.560s] 
[3.560s] [01m[K/home/dongkuo/lt_ws/loc_ws/src/point2d_loc/src/pointcloud_to_laserscan.cpp:66:5:[m[K [01;36m[Knote: [m[Kâ€˜[01m[K<typeprefixerror>map_pub_[m[Kâ€™ declared here
[3.560s]    66 |     [01;36m[Kmap_pub_[m[K = this->create_publisher<nav_msgs::msg::OccupancyGrid>("map", map_qos);
[3.560s]       |     [01;36m[K^~~~~~~~[m[K
[3.560s] [01m[K/home/dongkuo/lt_ws/loc_ws/src/point2d_loc/src/pointcloud_to_laserscan.cpp:81:58:[m[K [01;31m[Kerror: [m[Kâ€˜[01m[Kmap_msg_[m[Kâ€™ is not captured
[3.560s]    81 |       { map_pub_->publish([01;31m[Kmap_msg_[m[K); });
[3.560s]       |                           [01;31m[K^~~~~~~~[m[K
[3.560s] 
[3.560s] [01m[K/home/dongkuo/lt_ws/loc_ws/src/point2d_loc/src/pointcloud_to_laserscan.cpp:80:68:[m[K [01;36m[Knote: [m[Kthe lambda has no capture-default
[3.560s]    80 | mer(std::chrono::seconds(1), [this[01;36m[K][m[K()
[3.560s]       |                                   [01;36m[K^[m[K
[3.561s] 
[3.561s] [01m[K/home/dongkuo/lt_ws/loc_ws/src/point2d_loc/src/pointcloud_to_laserscan.cpp:60:5:[m[K [01;36m[Knote: [m[Kâ€˜[01m[K<typeprefixerror>map_msg_[m[Kâ€™ declared here
[3.561s]    60 |     [01;36m[Kmap_msg_[m[K = loadMap(yaml_file, 0.05, image_file);
[3.561s]       |     [01;36m[K^~~~~~~~[m[K
[3.569s] [01m[K/home/dongkuo/lt_ws/loc_ws/src/point2d_loc/src/pointcloud_to_laserscan.cpp:[m[K In constructor â€˜[01m[KPointCloudTFNode::PointCloudTFNode()[m[Kâ€™:
[3.569s] [01m[K/home/dongkuo/lt_ws/loc_ws/src/point2d_loc/src/pointcloud_to_laserscan.cpp:84:5:[m[K [01;31m[Kerror: [m[Kâ€˜[01m[Ktf_pub_timer_[m[Kâ€™ was not declared in this scope
[3.569s]    84 |     [01;31m[Ktf_pub_timer_[m[K = this->create_wall_timer(std::chrono::milliseconds(100),
[3.570s]       |     [01;31m[K^~~~~~~~~~~~~[m[K
[3.578s] [01m[K/home/dongkuo/lt_ws/loc_ws/src/point2d_loc/src/pointcloud_to_laserscan.cpp:[m[K In member function â€˜[01m[Kvoid PointCloudTFNode::publishTFTransform()[m[Kâ€™:
[3.579s] [01m[K/home/dongkuo/lt_ws/loc_ws/src/point2d_loc/src/pointcloud_to_laserscan.cpp:92:38:[m[K [01;31m[Kerror: [m[Kâ€˜[01m[Ktf_mutex_[m[Kâ€™ was not declared in this scope
[3.579s]    92 | ck_guard<std::mutex> lock([01;31m[Ktf_mutex_[m[K);
[3.579s]       |                           [01;31m[K^~~~~~~~~[m[K
[3.579s] 
[3.586s] [01m[K/home/dongkuo/lt_ws/loc_ws/src/point2d_loc/src/pointcloud_to_laserscan.cpp:93:9:[m[K [01;31m[Kerror: [m[Kâ€˜[01m[Khas_valid_tf_[m[Kâ€™ was not declared in this scope
[3.586s]    93 |     if ([01;31m[Khas_valid_tf_[m[K)
[3.586s]       |         [01;31m[K^~~~~~~~~~~~~[m[K
[3.593s] [01m[K/home/dongkuo/lt_ws/loc_ws/src/point2d_loc/src/pointcloud_to_laserscan.cpp:95:7:[m[K [01;31m[Kerror: [m[Kâ€˜[01m[Klatest_tf_[m[Kâ€™ was not declared in this scope
[3.593s]    95 |       [01;31m[Klatest_tf_[m[K.header.stamp = this->get_clock()->now();
[3.593s]       |       [01;31m[K^~~~~~~~~~[m[K
[3.601s] [01m[K/home/dongkuo/lt_ws/loc_ws/src/point2d_loc/src/pointcloud_to_laserscan.cpp:96:7:[m[K [01;31m[Kerror: [m[Kâ€˜[01m[Ktf_broadcaster_[m[Kâ€™ was not declared in this scope
[3.601s]    96 |       [01;31m[Ktf_broadcaster_[m[K.sendTransform(latest_tf_);
[3.602s]       |       [01;31m[K^~~~~~~~~~~~~~~[m[K
[3.603s] [01m[K/home/dongkuo/lt_ws/loc_ws/src/point2d_loc/src/pointcloud_to_laserscan.cpp:[m[K In member function â€˜[01m[Kvoid PointCloudTFNode::poseCallback(geometry_msgs::msg::PoseWithCovarianceStamped_<std::allocator<void> >::SharedPtr)[m[Kâ€™:
[3.603s] [01m[K/home/dongkuo/lt_ws/loc_ws/src/point2d_loc/src/pointcloud_to_laserscan.cpp:114:38:[m[K [01;31m[Kerror: [m[Krequest for member â€˜[01m[Kempty[m[Kâ€™ in â€˜[01m[K*((PointCloudTFNode*)this)->PointCloudTFNode::scan_cloud_[m[Kâ€™, which is of non-class type â€˜[01m[Kint[m[Kâ€™
[3.603s]   114 | an_cloud_ || scan_cloud_->[01;31m[Kempty[m[K() || !map_cloud_ || map_cloud_->empty())
[3.603s]       |                           [01;31m[K^~~~~[m[K
[3.603s] 
[3.607s] [01m[K/home/dongkuo/lt_ws/loc_ws/src/point2d_loc/src/pointcloud_to_laserscan.cpp:114:50:[m[K [01;31m[Kerror: [m[Kâ€˜[01m[Kmap_cloud_[m[Kâ€™ was not declared in this scope; did you mean â€˜[01m[Kscan_cloud_[m[Kâ€™?
[3.607s]   114 |  scan_cloud_->empty() || ![01;31m[Kmap_cloud_[m[K || map_cloud_->empty())
[3.608s]       |                           [01;31m[K^~~~~~~~~~[m[K
[3.608s]       |                           [32m[Kscan_cloud_[m[K
[3.624s] [01m[K/home/dongkuo/lt_ws/loc_ws/src/point2d_loc/src/pointcloud_to_laserscan.cpp:131:24:[m[K [01;31m[Kerror: [m[Kcannot convert â€˜[01m[Kint*[m[Kâ€™ to â€˜[01m[Kconst PointCloudSourceConstPtr&[m[Kâ€™ {aka â€˜[01m[Kconst std::shared_ptr<const pcl::PointCloud<pcl::PointXYZ> >&[m[Kâ€™}
[3.624s]   131 |     icp.setInputSource([01;31m[Korigin_cloud[m[K);
[3.624s]       |                        [01;31m[K^~~~~~~~~~~~[m[K
[3.624s]       |                        [01;31m[K|[m[K
[3.625s]       |                        [01;31m[Kint*[m[K
[3.625s] In file included from [01m[K/home/dongkuo/lt_ws/loc_ws/src/point2d_loc/src/pointcloud_to_laserscan.cpp:18[m[K:
[3.625s] [01m[K/usr/include/pcl-1.12/pcl/registration/icp.h:207:50:[m[K [01;36m[Knote: [m[K  initializing argument 1 of â€˜[01m[Kvoid pcl::IterativeClosestPoint<PointSource, PointTarget, Scalar>::setInputSource(const PointCloudSourceConstPtr&) [with PointSource = pcl::PointXYZ; PointTarget = pcl::PointXYZ; Scalar = float; pcl::IterativeClosestPoint<PointSource, PointTarget, Scalar>::PointCloudSourceConstPtr = std::shared_ptr<const pcl::PointCloud<pcl::PointXYZ> >][m[Kâ€™
[3.625s]   207 | [01;36m[KPointCloudSourceConstPtr& cloud[m[K) override
[3.625s]       | [01;36m[K~~~~~~~~~~~~~~~~~~~~~~~~~~^~~~~[m[K
[3.625s] 
[3.630s] [01m[K/home/dongkuo/lt_ws/loc_ws/src/point2d_loc/src/pointcloud_to_laserscan.cpp:132:24:[m[K [01;31m[Kerror: [m[Kâ€˜[01m[Kmap_cloud_[m[Kâ€™ was not declared in this scope; did you mean â€˜[01m[Kscan_cloud_[m[Kâ€™?
[3.630s]   132 |     icp.setInputTarget([01;31m[Kmap_cloud_[m[K);
[3.630s]       |                        [01;31m[K^~~~~~~~~~[m[K
[3.630s]       |                        [32m[Kscan_cloud_[m[K
[3.640s] [01m[K/home/dongkuo/lt_ws/loc_ws/src/point2d_loc/src/pointcloud_to_laserscan.cpp:[m[K In lambda function:
[3.641s] [01m[K/home/dongkuo/lt_ws/loc_ws/src/point2d_loc/src/pointcloud_to_laserscan.cpp:166:17:[m[K [01;31m[Kerror: [m[Kâ€˜[01m[Kalign_cloud_pub_[m[Kâ€™ was not declared in this scope
[3.641s]   166 |                 [01;31m[Kalign_cloud_pub_[m[K->publish(aligned_msg);
[3.641s]       |                 [01;31m[K^~~~~~~~~~~~~~~~[m[K
[3.650s] [01m[K/home/dongkuo/lt_ws/loc_ws/src/point2d_loc/src/pointcloud_to_laserscan.cpp:[m[K In member function â€˜[01m[Kvoid PointCloudTFNode::poseCallback(geometry_msgs::msg::PoseWithCovarianceStamped_<std::allocator<void> >::SharedPtr)[m[Kâ€™:
[3.650s] [01m[K/home/dongkuo/lt_ws/loc_ws/src/point2d_loc/src/pointcloud_to_laserscan.cpp:173:7:[m[K [01;31m[Kerror: [m[Kâ€˜[01m[Kalign_flag_pub_[m[Kâ€™ was not declared in this scope
[3.650s]   173 |       [01;31m[Kalign_flag_pub_[m[K->publish(flag_msg);
[3.650s]       |       [01;31m[K^~~~~~~~~~~~~~~[m[K
[3.659s] [01m[K/home/dongkuo/lt_ws/loc_ws/src/point2d_loc/src/pointcloud_to_laserscan.cpp:188:7:[m[K [01;31m[Kerror: [m[Kâ€˜[01m[Klocal_pos_pub_[m[Kâ€™ was not declared in this scope
[3.659s]   188 |       [01;31m[Klocal_pos_pub_[m[K->publish(geo_msg);
[3.659s]       |       [01;31m[K^~~~~~~~~~~~~~[m[K
[3.664s] [01m[K/home/dongkuo/lt_ws/loc_ws/src/point2d_loc/src/pointcloud_to_laserscan.cpp:192:42:[m[K [01;31m[Kerror: [m[Kâ€˜[01m[Ktf_mutex_[m[Kâ€™ was not declared in this scope
[3.664s]   192 | ck_guard<std::mutex> lock([01;31m[Ktf_mutex_[m[K);
[3.664s]       |                           [01;31m[K^~~~~~~~~[m[K
[3.664s] 
[3.670s] [01m[K/home/dongkuo/lt_ws/loc_ws/src/point2d_loc/src/pointcloud_to_laserscan.cpp:193:9:[m[K [01;31m[Kerror: [m[Kâ€˜[01m[Klatest_tf_[m[Kâ€™ was not declared in this scope
[3.670s]   193 |         [01;31m[Klatest_tf_[m[K.header.stamp = this->get_clock()->now();
[3.670s]       |         [01;31m[K^~~~~~~~~~[m[K
[3.678s] [01m[K/home/dongkuo/lt_ws/loc_ws/src/point2d_loc/src/pointcloud_to_laserscan.cpp:207:9:[m[K [01;31m[Kerror: [m[Kâ€˜[01m[Khas_valid_tf_[m[Kâ€™ was not declared in this scope
[3.678s]   207 |         [01;31m[Khas_valid_tf_[m[K = true;
[3.678s]       |         [01;31m[K^~~~~~~~~~~~~[m[K
[3.685s] [01m[K/home/dongkuo/lt_ws/loc_ws/src/point2d_loc/src/pointcloud_to_laserscan.cpp:[m[K In member function â€˜[01m[Kvoid PointCloudTFNode::cloudCallback(sensor_msgs::msg::PointCloud2_<std::allocator<void> >::SharedPtr)[m[Kâ€™:
[3.685s] [01m[K/home/dongkuo/lt_ws/loc_ws/src/point2d_loc/src/pointcloud_to_laserscan.cpp:228:26:[m[K [01;31m[Kerror: [m[Kâ€˜[01m[Ktf_buffer_[m[Kâ€™ was not declared in this scope
[3.685s]   228 |       transformStamped = [01;31m[Ktf_buffer_[m[K.lookupTransform(
[3.685s]       |                          [01;31m[K^~~~~~~~~~[m[K
[3.693s] [01m[K/home/dongkuo/lt_ws/loc_ws/src/point2d_loc/src/pointcloud_to_laserscan.cpp:229:11:[m[K [01;31m[Kerror: [m[Kâ€˜[01m[Ktarget_frame_[m[Kâ€™ was not declared in this scope
[3.693s]   229 |           [01;31m[Ktarget_frame_[m[K, msg->header.frame_id, tf2::TimePointZero);
[3.693s]       |           [01;31m[K^~~~~~~~~~~~~[m[K
[3.703s] [01m[K/home/dongkuo/lt_ws/loc_ws/src/point2d_loc/src/pointcloud_to_laserscan.cpp:242:43:[m[K [01;31m[Kerror: [m[Kâ€˜[01m[Ktarget_frame_[m[Kâ€™ was not declared in this scope
[3.703s]   242 | d_cloud.header.frame_id = [01;31m[Ktarget_frame_[m[K;
[3.703s]       |                           [01;31m[K^~~~~~~~~~~~~[m[K
[3.703s] 
[3.704s] [01m[K/home/dongkuo/lt_ws/loc_ws/src/point2d_loc/src/pointcloud_to_laserscan.cpp:[m[K At global scope:
[3.704s] [01m[K/home/dongkuo/lt_ws/loc_ws/src/point2d_loc/src/pointcloud_to_laserscan.cpp:316:32:[m[K [01;31m[Kerror: [m[Kexpected initializer before â€˜[01m[KloadMap[m[Kâ€™
[3.704s]   316 | _msgs::msg::OccupancyGrid [01;31m[KloadMap[m[K(const std::string &pgm_file, double resolution, const std::string &override_image_file = "")
[3.704s]       |                           [01;31m[K^~~~~~~[m[K
[3.704s] 
[3.710s] [01m[K/home/dongkuo/lt_ws/loc_ws/src/point2d_loc/src/pointcloud_to_laserscan.cpp:[m[K In function â€˜[01m[Ksensor_msgs::msg::PointCloud2 mapToPointCloud(const OccupancyGrid&)[m[Kâ€™:
[3.710s] [01m[K/home/dongkuo/lt_ws/loc_ws/src/point2d_loc/src/pointcloud_to_laserscan.cpp:410:5:[m[K [01;31m[Kerror: [m[Kâ€˜[01m[Kmap_cloud_[m[Kâ€™ was not declared in this scope
[3.710s]   410 |     [01;31m[Kmap_cloud_[m[K->clear();
[3.710s]       |     [01;31m[K^~~~~~~~~~[m[K
[3.710s] [01m[K/home/dongkuo/lt_ws/loc_ws/src/point2d_loc/src/pointcloud_to_laserscan.cpp:415:30:[m[K [01;31m[Kerror: [m[Kinvalid use of â€˜[01m[Kthis[m[Kâ€™ in non-member function
[3.711s]   415 |  cloud_msg.header.stamp = [01;31m[Kthis[m[K->get_clock()->now();
[3.711s]       |                           [01;31m[K^~~~[m[K
[3.711s] 
[3.711s] [01m[K/home/dongkuo/lt_ws/loc_ws/src/point2d_loc/src/pointcloud_to_laserscan.cpp:[m[K At global scope:
[3.711s] [01m[K/home/dongkuo/lt_ws/loc_ws/src/point2d_loc/src/pointcloud_to_laserscan.cpp:421:19:[m[K [01;31m[Kerror: [m[Kno matching function for call to â€˜[01m[Ktf2_ros::Buffer::Buffer()[m[Kâ€™
[3.711s]   421 |   tf2_ros::Buffer [01;31m[Ktf_buffer_[m[K;
[3.711s]       |                   [01;31m[K^~~~~~~~~~[m[K
[3.711s] In file included from [01m[K/opt/ros/humble/include/tf2_ros/tf2_ros/buffer.h:35[m[K,
[3.711s]                  from [01m[K/home/dongkuo/lt_ws/loc_ws/src/point2d_loc/src/pointcloud_to_laserscan.cpp:11[m[K:
[3.711s] [01m[K/opt/ros/humble/include/tf2_ros/tf2_ros/buffer.hpp:73:18:[m[K [01;36m[Knote: [m[Kcandidate: â€˜[01m[Ktf2_ros::Buffer::Buffer(rclcpp::Clock::SharedPtr, tf2::Duration, rclcpp::Node::SharedPtr)[m[Kâ€™
[3.711s]    73 |   TF2_ROS_PUBLIC [01;36m[KBuffer[m[K(
[3.711s]       |                  [01;36m[K^~~~~~[m[K
[3.711s] [01m[K/opt/ros/humble/include/tf2_ros/tf2_ros/buffer.hpp:73:18:[m[K [01;36m[Knote: [m[K  candidate expects 3 arguments, 0 provided
[3.711s] [01m[K/home/dongkuo/lt_ws/loc_ws/src/point2d_loc/src/pointcloud_to_laserscan.cpp:422:30:[m[K [01;31m[Kerror: [m[Kno matching function for call to â€˜[01m[Ktf2_ros::TransformListener::TransformListener()[m[Kâ€™
[3.711s]   422 | f2_ros::TransformListener [01;31m[Ktf_listener_[m[K;
[3.711s]       |                           [01;31m[K^~~~~~~~~~~~[m[K
[3.711s] 
[3.711s] In file included from [01m[K/opt/ros/humble/include/tf2_ros/tf2_ros/transform_listener.h:35[m[K,
[3.711s]                  from [01m[K/home/dongkuo/lt_ws/loc_ws/src/point2d_loc/src/pointcloud_to_laserscan.cpp:10[m[K:
[3.712s] [01m[K/opt/ros/humble/include/tf2_ros/tf2_ros/transform_listener.hpp:90:3:[m[K [01;36m[Knote: [m[Kcandidate: â€˜[01m[Ktemplate<class NodeT, class AllocatorT> tf2_ros::TransformListener::TransformListener(tf2::BufferCore&, NodeT&&, bool, const rclcpp::QoS&, const rclcpp::QoS&, const rclcpp::SubscriptionOptionsWithAllocator<AllocatorT>&, const rclcpp::SubscriptionOptionsWithAllocator<AllocatorT>&)[m[Kâ€™
[3.712s]    90 |   [01;36m[KTransformListener[m[K(
[3.712s]       |   [01;36m[K^~~~~~~~~~~~~~~~~[m[K
[3.712s] [01m[K/opt/ros/humble/include/tf2_ros/tf2_ros/transform_listener.hpp:90:3:[m[K [01;36m[Knote: [m[K  template argument deduction/substitution failed:
[3.712s] [01m[K/home/dongkuo/lt_ws/loc_ws/src/point2d_loc/src/pointcloud_to_laserscan.cpp:422:30:[m[K [01;36m[Knote: [m[K  candidate expects 7 arguments, 0 provided
[3.712s]   422 | f2_ros::TransformListener [01;36m[Ktf_listener_[m[K;
[3.712s]       |                           [01;36m[K^~~~~~~~~~~~[m[K
[3.712s] 
[3.712s] In file included from [01m[K/opt/ros/humble/include/tf2_ros/tf2_ros/transform_listener.h:35[m[K,
[3.712s]                  from [01m[K/home/dongkuo/lt_ws/loc_ws/src/point2d_loc/src/pointcloud_to_laserscan.cpp:10[m[K:
[3.712s] [01m[K/opt/ros/humble/include/tf2_ros/tf2_ros/transform_listener.hpp:87:12:[m[K [01;36m[Knote: [m[Kcandidate: â€˜[01m[Ktf2_ros::TransformListener::TransformListener(tf2::BufferCore&, bool)[m[Kâ€™
[3.712s]    87 |   explicit [01;36m[KTransformListener[m[K(tf2::BufferCore & buffer, bool spin_thread = true);
[3.712s]       |            [01;36m[K^~~~~~~~~~~~~~~~~[m[K
[3.712s] [01m[K/opt/ros/humble/include/tf2_ros/tf2_ros/transform_listener.hpp:87:12:[m[K [01;36m[Knote: [m[K  candidate expects 2 arguments, 0 provided
[3.712s] [01m[K/home/dongkuo/lt_ws/loc_ws/src/point2d_loc/src/pointcloud_to_laserscan.cpp:423:49:[m[K [01;31m[Kerror: [m[Kinvalid use of â€˜[01m[Kthis[m[Kâ€™ at top level
[3.712s]   423 | ormBroadcaster tf_broadcaster_{[01;31m[Kthis[m[K};
[3.712s]       |                                [01;31m[K^~~~[m[K
[3.712s] 
[3.713s] [01m[K/home/dongkuo/lt_ws/loc_ws/src/point2d_loc/src/pointcloud_to_laserscan.cpp:423:53:[m[K [01;31m[Kerror: [m[Kno matching function for call to â€˜[01m[Ktf2_ros::TransformBroadcaster::TransformBroadcaster(<brace-enclosed initializer list>)[m[Kâ€™
[3.713s]   423 | ormBroadcaster tf_broadcaster_{this[01;31m[K}[m[K;
[3.713s]       |                                    [01;31m[K^[m[K
[3.713s] 
[3.713s] In file included from [01m[K/opt/ros/humble/include/tf2_ros/tf2_ros/transform_broadcaster.h:36[m[K,
[3.713s]                  from [01m[K/home/dongkuo/lt_ws/loc_ws/src/point2d_loc/src/pointcloud_to_laserscan.cpp:22[m[K:
[3.713s] [01m[K/opt/ros/humble/include/tf2_ros/tf2_ros/transform_broadcaster.hpp:58:3:[m[K [01;36m[Knote: [m[Kcandidate: â€˜[01m[Ktemplate<class NodeT, class AllocatorT> tf2_ros::TransformBroadcaster::TransformBroadcaster(NodeT&&, const rclcpp::QoS&, const rclcpp::PublisherOptionsWithAllocator<AllocatorT>&)[m[Kâ€™
[3.713s]    58 |   [01;36m[KTransformBroadcaster[m[K(
[3.713s]       |   [01;36m[K^~~~~~~~~~~~~~~~~~~~[m[K
[3.713s] [01m[K/opt/ros/humble/include/tf2_ros/tf2_ros/transform_broadcaster.hpp:58:3:[m[K [01;36m[Knote: [m[K  template argument deduction/substitution failed:
[3.713s] [01m[K/opt/ros/humble/include/tf2_ros/tf2_ros/transform_broadcaster.hpp:53:7:[m[K [01;36m[Knote: [m[Kcandidate: â€˜[01m[Ktf2_ros::TransformBroadcaster::TransformBroadcaster(const tf2_ros::TransformBroadcaster&)[m[Kâ€™
[3.713s]    53 | class [01;36m[KTransformBroadcaster[m[K
[3.713s]       |       [01;36m[K^~~~~~~~~~~~~~~~~~~~[m[K
[3.713s] [01m[K/opt/ros/humble/include/tf2_ros/tf2_ros/transform_broadcaster.hpp:53:7:[m[K [01;36m[Knote: [m[K  conversion of argument 1 would be ill-formed:
[3.713s] [01m[K/opt/ros/humble/include/tf2_ros/tf2_ros/transform_broadcaster.hpp:53:7:[m[K [01;36m[Knote: [m[Kcandidate: â€˜[01m[Ktf2_ros::TransformBroadcaster::TransformBroadcaster(tf2_ros::TransformBroadcaster&&)[m[Kâ€™
[3.713s] [01m[K/opt/ros/humble/include/tf2_ros/tf2_ros/transform_broadcaster.hpp:53:7:[m[K [01;36m[Knote: [m[K  conversion of argument 1 would be ill-formed:
[3.741s] [01m[K/home/dongkuo/lt_ws/loc_ws/src/point2d_loc/src/pointcloud_to_laserscan.cpp:446:1:[m[K [01;31m[Kerror: [m[Kexpected declaration before â€˜[01m[K}[m[Kâ€™ token
[3.741s]   446 | [01;31m[K}[m[K;
[3.741s]       | [01;31m[K^[m[K
[6.654s] gmake[2]: *** [CMakeFiles/pointcloud_to_laserscan.dir/build.make:76: CMakeFiles/pointcloud_to_laserscan.dir/src/pointcloud_to_laserscan.cpp.o] Error 1
[6.655s] gmake[1]: *** [CMakeFiles/Makefile2:139: CMakeFiles/pointcloud_to_laserscan.dir/all] Error 2
[6.655s] gmake: *** [Makefile:146: all] Error 2
[6.657s] Invoked command in '/home/dongkuo/lt_ws/loc_ws/build/point2d_loc' returned '2': CMAKE_PREFIX_PATH=/home/dongkuo/lt_ws/loc_ws/install/scout_base:/opt/ros/humble:/home/dongkuo/lt_ws/loc_ws/install/ugv_sdk:/home/dongkuo/lt_ws/loc_ws/install/scout_msgs:/home/dongkuo/lt_ws/loc_ws/install/scout_description:/home/dongkuo/lt_ws/loc_ws/install/point2d_loc:/home/dongkuo/lt_ws/loc_ws/install/nav_demo:/home/dongkuo/lt_ws/loc_ws/install/fast_lio:/home/dongkuo/lt_ws/loc_ws/install/livox_ros_driver2:/home/dongkuo/lt_ws/realsense_ws/install/realsense2_description:/home/dongkuo/lt_ws/realsense_ws/install/realsense2_camera:/home/dongkuo/lt_ws/realsense_ws/install/realsense2_camera_msgs:/home/dongkuo/lt_ws/realsense_ws/install/depth_to_cloud_converter:/opt/vulcanexus/humble /usr/bin/cmake --build /home/dongkuo/lt_ws/loc_ws/build/point2d_loc -- -j32 -l32
