[35m[1mConsolidate compiler generated dependencies of target pointcloud_to_laserscan[0m
[ 33%] Built target point_look
[ 66%] Built target livox_to_scan
[ 83%] [32mBuilding CXX object CMakeFiles/pointcloud_to_laserscan.dir/src/pointcloud_to_laserscan.cpp.o[0m
[01m[K/home/dongkuo/lt_ws/loc_ws/src/point2d_loc/src/pointcloud_to_laserscan.cpp:[m[K In lambda function:
[01m[K/home/dongkuo/lt_ws/loc_ws/src/point2d_loc/src/pointcloud_to_laserscan.cpp:84:5:[m[K [01;31m[Kerror: [m[Kexpected â€˜[01m[K{[m[Kâ€™ before â€˜[01m[Ktf_pub_timer_[m[Kâ€™
   84 |     [01;31m[Ktf_pub_timer_[m[K = this->create_wall_timer(std::chrono::milliseconds(100),
      |     [01;31m[K^~~~~~~~~~~~~[m[K
[01m[K/home/dongkuo/lt_ws/loc_ws/src/point2d_loc/src/pointcloud_to_laserscan.cpp:[m[K In constructor â€˜[01m[KPointCloudTFNode::PointCloudTFNode()[m[Kâ€™:
[01m[K/home/dongkuo/lt_ws/loc_ws/src/point2d_loc/src/pointcloud_to_laserscan.cpp:84:5:[m[K [01;31m[Kerror: [m[Kexpected â€˜[01m[K)[m[Kâ€™ before â€˜[01m[Ktf_pub_timer_[m[Kâ€™
[01m[K/home/dongkuo/lt_ws/loc_ws/src/point2d_loc/src/pointcloud_to_laserscan.cpp:80:37:[m[K [01;36m[Knote: [m[Kto match this â€˜[01m[K([m[Kâ€™
   80 |     timer_ = this->create_wall_timer[01;36m[K([m[Kstd::chrono::seconds(1), [this]()
      |                                     [01;36m[K^[m[K
[01m[K/home/dongkuo/lt_ws/loc_ws/src/point2d_loc/src/pointcloud_to_laserscan.cpp:[m[K In member function â€˜[01m[Knav_msgs::msg::OccupancyGrid PointCloudTFNode::loadMap(const string&, double, const string&)[m[Kâ€™:
[01m[K/home/dongkuo/lt_ws/loc_ws/src/point2d_loc/src/pointcloud_to_laserscan.cpp:316:76:[m[K [01;35m[Kwarning: [m[Kunused parameter â€˜[01m[Kresolution[m[Kâ€™ [[01;35m[K]8;;https://gcc.gnu.org/onlinedocs/gcc/Warning-Options.html#index-Wunused-parameter-Wunused-parameter]8;;[m[K]
  316 | (const std::string &pgm_file, [01;35m[Kdouble resolution[m[K, const std::string &override_image_file = "")
      |                               [01;35m[K~~~~~~~^~~~~~~~~~[m[K

gmake[2]: *** [CMakeFiles/pointcloud_to_laserscan.dir/build.make:76: CMakeFiles/pointcloud_to_laserscan.dir/src/pointcloud_to_laserscan.cpp.o] Error 1
gmake[1]: *** [CMakeFiles/Makefile2:141: CMakeFiles/pointcloud_to_laserscan.dir/all] Error 2
gmake: *** [Makefile:146: all] Error 2
