[ 50%] Built target point_look
[ 75%] [32mBuilding CXX object CMakeFiles/pointcloud_to_laserscan.dir/src/pointcloud_to_laserscan.cpp.o[0m
[01m[K/home/dongkuo/lt_ws/loc_ws/src/point2d_loc/src/pointcloud_to_laserscan.cpp:289:5:[m[K [01;31m[Kerror: [m[Kâ€˜[01m[Kpub_[m[Kâ€™ does not name a type
  289 |     [01;31m[Kpub_[m[K->publish(scan_msg);
      |     [01;31m[K^~~~[m[K
[01m[K/home/dongkuo/lt_ws/loc_ws/src/point2d_loc/src/pointcloud_to_laserscan.cpp:292:5:[m[K [01;31m[Kerror: [m[Kexpected unqualified-id before â€˜[01m[Kfor[m[Kâ€™
  292 |     [01;31m[Kfor[m[K (size_t i = 0; i < scan_msg.ranges.size(); ++i)
      |     [01;31m[K^~~[m[K
[01m[K/home/dongkuo/lt_ws/loc_ws/src/point2d_loc/src/pointcloud_to_laserscan.cpp:292:24:[m[K [01;31m[Kerror: [m[Kâ€˜[01m[Ki[m[Kâ€™ does not name a type
  292 |  0; [01;31m[Ki[m[K < scan_msg.ranges.size(); ++i)
      |     [01;31m[K^[m[K

[01m[K/home/dongkuo/lt_ws/loc_ws/src/point2d_loc/src/pointcloud_to_laserscan.cpp:292:52:[m[K [01;31m[Kerror: [m[Kexpected unqualified-id before â€˜[01m[K++[m[Kâ€™ token
  292 | es.size(); [01;31m[K++[m[Ki)
      |            [01;31m[K^~[m[K

[01m[K/home/dongkuo/lt_ws/loc_ws/src/point2d_loc/src/pointcloud_to_laserscan.cpp:309:5:[m[K [01;31m[Kerror: [m[Kâ€˜[01m[Kscan_as_cloud[m[Kâ€™ does not name a type
  309 |     [01;31m[Kscan_as_cloud[m[K.width = scan_as_cloud.points.size();
      |     [01;31m[K^~~~~~~~~~~~~[m[K
[01m[K/home/dongkuo/lt_ws/loc_ws/src/point2d_loc/src/pointcloud_to_laserscan.cpp:310:5:[m[K [01;31m[Kerror: [m[Kâ€˜[01m[Kscan_as_cloud[m[Kâ€™ does not name a type
  310 |     [01;31m[Kscan_as_cloud[m[K.height = 1;
      |     [01;31m[K^~~~~~~~~~~~~[m[K
[01m[K/home/dongkuo/lt_ws/loc_ws/src/point2d_loc/src/pointcloud_to_laserscan.cpp:311:5:[m[K [01;31m[Kerror: [m[Kâ€˜[01m[Kscan_as_cloud[m[Kâ€™ does not name a type
  311 |     [01;31m[Kscan_as_cloud[m[K.is_dense = true;
      |     [01;31m[K^~~~~~~~~~~~~[m[K
[01m[K/home/dongkuo/lt_ws/loc_ws/src/point2d_loc/src/pointcloud_to_laserscan.cpp:312:5:[m[K [01;31m[Kerror: [m[Kâ€˜[01m[Kscan_cloud_[m[Kâ€™ does not name a type
  312 |     [01;31m[Kscan_cloud_[m[K->clear();
      |     [01;31m[K^~~~~~~~~~~[m[K
[01m[K/home/dongkuo/lt_ws/loc_ws/src/point2d_loc/src/pointcloud_to_laserscan.cpp:313:6:[m[K [01;31m[Kerror: [m[KISO C++ forbids declaration of â€˜[01m[Kscan_cloud_[m[Kâ€™ with no type [[01;31m[K]8;;https://gcc.gnu.org/onlinedocs/gcc/Warning-Options.html#index-fpermissive-fpermissive]8;;[m[K]
  313 |    *[01;31m[Kscan_cloud_[m[K = scan_as_cloud;
      |     [01;31m[K^~~~~~~~~~~[m[K

[01m[K/home/dongkuo/lt_ws/loc_ws/src/point2d_loc/src/pointcloud_to_laserscan.cpp:313:20:[m[K [01;31m[Kerror: [m[Kcannot convert â€˜[01m[Kpcl::PointCloud<pcl::PointXYZ>[m[Kâ€™ to â€˜[01m[Kint*[m[Kâ€™ in initialization
  313 | _ = [01;31m[Kscan_as_cloud[m[K;
      |     [01;31m[K^~~~~~~~~~~~~[m[K
      |     [01;31m[K|[m[K
      |     [01;31m[Kpcl::PointCloud<pcl::PointXYZ>[m[K

[01m[K/home/dongkuo/lt_ws/loc_ws/src/point2d_loc/src/pointcloud_to_laserscan.cpp:[m[K In constructor â€˜[01m[KPointCloudTFNode::PointCloudTFNode()[m[Kâ€™:
[01m[K/home/dongkuo/lt_ws/loc_ws/src/point2d_loc/src/pointcloud_to_laserscan.cpp:37:57:[m[K [01;31m[Kerror: [m[Kclass â€˜[01m[KPointCloudTFNode[m[Kâ€™ does not have any field named â€˜[01m[Ktf_buffer_[m[Kâ€™
   37 | "), [01;31m[Ktf_buffer_[m[K(this->get_clock()), tf_listener_(tf_buffer_)
      |     [01;31m[K^~~~~~~~~~[m[K

[01m[K/home/dongkuo/lt_ws/loc_ws/src/point2d_loc/src/pointcloud_to_laserscan.cpp:37:88:[m[K [01;31m[Kerror: [m[Kclass â€˜[01m[KPointCloudTFNode[m[Kâ€™ does not have any field named â€˜[01m[Ktf_listener_[m[Kâ€™
   37 | )), [01;31m[Ktf_listener_[m[K(tf_buffer_)
      |     [01;31m[K^~~~~~~~~~~~[m[K

[01m[K/home/dongkuo/lt_ws/loc_ws/src/point2d_loc/src/pointcloud_to_laserscan.cpp:37:101:[m[K [01;31m[Kerror: [m[Kâ€˜[01m[Ktf_buffer_[m[Kâ€™ was not declared in this scope
   37 | er_([01;31m[Ktf_buffer_[m[K)
      |     [01;31m[K^~~~~~~~~~[m[K

[01m[K/home/dongkuo/lt_ws/loc_ws/src/point2d_loc/src/pointcloud_to_laserscan.cpp:47:5:[m[K [01;31m[Kerror: [m[Kâ€˜[01m[Ktarget_frame_[m[Kâ€™ was not declared in this scope
   47 |     [01;31m[Ktarget_frame_[m[K = this->get_parameter("target_frame").as_string();
      |     [01;31m[K^~~~~~~~~~~~~[m[K
[01m[K/home/dongkuo/lt_ws/loc_ws/src/point2d_loc/src/pointcloud_to_laserscan.cpp:48:5:[m[K [01;31m[Kerror: [m[Kâ€˜[01m[Ksource_frame_[m[Kâ€™ was not declared in this scope
   48 |     [01;31m[Ksource_frame_[m[K = this->get_parameter("source_frame").as_string();
      |     [01;31m[K^~~~~~~~~~~~~[m[K
[01m[K/home/dongkuo/lt_ws/loc_ws/src/point2d_loc/src/pointcloud_to_laserscan.cpp:49:5:[m[K [01;31m[Kerror: [m[Kâ€˜[01m[Kcloud_topic_[m[Kâ€™ was not declared in this scope
   49 |     [01;31m[Kcloud_topic_[m[K = this->get_parameter("cloud_topic").as_string();
      |     [01;31m[K^~~~~~~~~~~~[m[K
[01m[K/home/dongkuo/lt_ws/loc_ws/src/point2d_loc/src/pointcloud_to_laserscan.cpp:50:5:[m[K [01;31m[Kerror: [m[Kâ€˜[01m[Kpgm_path_[m[Kâ€™ was not declared in this scope
   50 |     [01;31m[Kpgm_path_[m[K = this->get_parameter("pgm_path").as_string();
      |     [01;31m[K^~~~~~~~~[m[K
[01m[K/home/dongkuo/lt_ws/loc_ws/src/point2d_loc/src/pointcloud_to_laserscan.cpp:51:5:[m[K [01;31m[Kerror: [m[Kâ€˜[01m[Kyaml_file_param_[m[Kâ€™ was not declared in this scope
   51 |     [01;31m[Kyaml_file_param_[m[K = this->get_parameter("yaml_file").as_string();
      |     [01;31m[K^~~~~~~~~~~~~~~~[m[K
[01m[K/home/dongkuo/lt_ws/loc_ws/src/point2d_loc/src/pointcloud_to_laserscan.cpp:52:5:[m[K [01;31m[Kerror: [m[Kâ€˜[01m[Kimage_file_param_[m[Kâ€™ was not declared in this scope
   52 |     [01;31m[Kimage_file_param_[m[K = this->get_parameter("image_file").as_string();
      |     [01;31m[K^~~~~~~~~~~~~~~~~[m[K
[01m[K/home/dongkuo/lt_ws/loc_ws/src/point2d_loc/src/pointcloud_to_laserscan.cpp:54:17:[m[K [01;31m[Kerror: [m[Krequest for member â€˜[01m[Kreset[m[Kâ€™ in â€˜[01m[K((PointCloudTFNode*)this)->PointCloudTFNode::scan_cloud_[m[Kâ€™, which is of non-class type â€˜[01m[Kint*[m[Kâ€™
   54 | ud_.[01;31m[Kreset[m[K(new pcl::PointCloud<pcl::PointXYZ>());
      |     [01;31m[K^~~~~[m[K

[01m[K/home/dongkuo/lt_ws/loc_ws/src/point2d_loc/src/pointcloud_to_laserscan.cpp:55:5:[m[K [01;31m[Kerror: [m[Kâ€˜[01m[Kmap_cloud_[m[Kâ€™ was not declared in this scope; did you mean â€˜[01m[Kscan_cloud_[m[Kâ€™?
   55 |     [01;31m[Kmap_cloud_[m[K.reset(new pcl::PointCloud<pcl::PointXYZ>());
      |     [01;31m[K^~~~~~~~~~[m[K
      |     [32m[Kscan_cloud_[m[K
[01m[K/home/dongkuo/lt_ws/loc_ws/src/point2d_loc/src/pointcloud_to_laserscan.cpp:60:5:[m[K [01;31m[Kerror: [m[Kâ€˜[01m[Kmap_msg_[m[Kâ€™ was not declared in this scope
   60 |     [01;31m[Kmap_msg_[m[K = loadMap(yaml_file, 0.05, image_file);
      |     [01;31m[K^~~~~~~~[m[K
[01m[K/home/dongkuo/lt_ws/loc_ws/src/point2d_loc/src/pointcloud_to_laserscan.cpp:60:16:[m[K [01;31m[Kerror: [m[Kâ€˜[01m[KloadMap[m[Kâ€™ was not declared in this scope
   60 | _ = [01;31m[KloadMap[m[K(yaml_file, 0.05, image_file);
      |     [01;31m[K^~~~~~~[m[K

[01m[K/home/dongkuo/lt_ws/loc_ws/src/point2d_loc/src/pointcloud_to_laserscan.cpp:63:5:[m[K [01;31m[Kerror: [m[Kâ€˜[01m[Kcloud_msg_[m[Kâ€™ was not declared in this scope
   63 |     [01;31m[Kcloud_msg_[m[K = mapToPointCloud(map_msg_);
      |     [01;31m[K^~~~~~~~~~[m[K
[01m[K/home/dongkuo/lt_ws/loc_ws/src/point2d_loc/src/pointcloud_to_laserscan.cpp:63:18:[m[K [01;31m[Kerror: [m[Kâ€˜[01m[KmapToPointCloud[m[Kâ€™ was not declared in this scope
   63 | _ = [01;31m[KmapToPointCloud[m[K(map_msg_);
      |     [01;31m[K^~~~~~~~~~~~~~~[m[K

[01m[K/home/dongkuo/lt_ws/loc_ws/src/point2d_loc/src/pointcloud_to_laserscan.cpp:66:5:[m[K [01;31m[Kerror: [m[Kâ€˜[01m[Kmap_pub_[m[Kâ€™ was not declared in this scope
   66 |     [01;31m[Kmap_pub_[m[K = this->create_publisher<nav_msgs::msg::OccupancyGrid>("map", map_qos);
      |     [01;31m[K^~~~~~~~[m[K
[01m[K/home/dongkuo/lt_ws/loc_ws/src/point2d_loc/src/pointcloud_to_laserscan.cpp:68:5:[m[K [01;31m[Kerror: [m[Kâ€˜[01m[Ksub_[m[Kâ€™ was not declared in this scope
   68 |     [01;31m[Ksub_[m[K = this->create_subscription<sensor_msgs::msg::PointCloud2>(cloud_topic_, rclcpp::SensorDataQoS(),
      |     [01;31m[K^~~~[m[K
[01m[K/home/dongkuo/lt_ws/loc_ws/src/point2d_loc/src/pointcloud_to_laserscan.cpp:70:5:[m[K [01;31m[Kerror: [m[Kâ€˜[01m[Kinit_pose_sub_[m[Kâ€™ was not declared in this scope
   70 |     [01;31m[Kinit_pose_sub_[m[K = this->create_subscription<geometry_msgs::msg::PoseWithCovarianceStamped>(
      |     [01;31m[K^~~~~~~~~~~~~~[m[K
[01m[K/home/dongkuo/lt_ws/loc_ws/src/point2d_loc/src/pointcloud_to_laserscan.cpp:75:5:[m[K [01;31m[Kerror: [m[Kâ€˜[01m[Kpub_[m[Kâ€™ was not declared in this scope
   75 |     [01;31m[Kpub_[m[K = this->create_publisher<sensor_msgs::msg::LaserScan>("/scan", 10);
      |     [01;31m[K^~~~[m[K
[01m[K/home/dongkuo/lt_ws/loc_ws/src/point2d_loc/src/pointcloud_to_laserscan.cpp:76:5:[m[K [01;31m[Kerror: [m[Kâ€˜[01m[Kmap_cloud_pub_[m[Kâ€™ was not declared in this scope
   76 |     [01;31m[Kmap_cloud_pub_[m[K = this->create_publisher<sensor_msgs::msg::PointCloud2>("/map_cloud", rclcpp::QoS(rclcpp::KeepLast(10)).reliable());
      |     [01;31m[K^~~~~~~~~~~~~~[m[K
[01m[K/home/dongkuo/lt_ws/loc_ws/src/point2d_loc/src/pointcloud_to_laserscan.cpp:77:5:[m[K [01;31m[Kerror: [m[Kâ€˜[01m[Kalign_cloud_pub_[m[Kâ€™ was not declared in this scope
   77 |     [01;31m[Kalign_cloud_pub_[m[K = this->create_publisher<sensor_msgs::msg::PointCloud2>("/align_cloud", rclcpp::QoS(rclcpp::KeepLast(10)).reliable());
      |     [01;31m[K^~~~~~~~~~~~~~~~[m[K
[01m[K/home/dongkuo/lt_ws/loc_ws/src/point2d_loc/src/pointcloud_to_laserscan.cpp:78:5:[m[K [01;31m[Kerror: [m[Kâ€˜[01m[Kalign_flag_pub_[m[Kâ€™ was not declared in this scope
   78 |     [01;31m[Kalign_flag_pub_[m[K = this->create_publisher<std_msgs::msg::Bool>("/align_flag", rclcpp::QoS(rclcpp::KeepLast(10)).reliable());
      |     [01;31m[K^~~~~~~~~~~~~~~[m[K
[01m[K/home/dongkuo/lt_ws/loc_ws/src/point2d_loc/src/pointcloud_to_laserscan.cpp:79:5:[m[K [01;31m[Kerror: [m[Kâ€˜[01m[Klocal_pos_pub_[m[Kâ€™ was not declared in this scope
   79 |     [01;31m[Klocal_pos_pub_[m[K = this->create_publisher<geometry_msgs::msg::PoseStamped>("/slam_init_pose", rclcpp::QoS(rclcpp::KeepLast(10)).reliable());
      |     [01;31m[K^~~~~~~~~~~~~~[m[K
[01m[K/home/dongkuo/lt_ws/loc_ws/src/point2d_loc/src/pointcloud_to_laserscan.cpp:80:5:[m[K [01;31m[Kerror: [m[Kâ€˜[01m[Ktimer_[m[Kâ€™ was not declared in this scope; did you mean â€˜[01m[Ktimer_t[m[Kâ€™?
   80 |     [01;31m[Ktimer_[m[K = this->create_wall_timer(std::chrono::seconds(1), [this]()
      |     [01;31m[K^~~~~~[m[K
      |     [32m[Ktimer_t[m[K
[01m[K/home/dongkuo/lt_ws/loc_ws/src/point2d_loc/src/pointcloud_to_laserscan.cpp:[m[K In lambda function:
[01m[K/home/dongkuo/lt_ws/loc_ws/src/point2d_loc/src/pointcloud_to_laserscan.cpp:81:40:[m[K [01;31m[Kerror: [m[Kâ€˜[01m[Kmap_pub_[m[Kâ€™ is not captured
   81 |   { [01;31m[Kmap_pub_[m[K->publish(map_msg_); });
      |     [01;31m[K^~~~~~~~[m[K

[01m[K/home/dongkuo/lt_ws/loc_ws/src/point2d_loc/src/pointcloud_to_laserscan.cpp:80:68:[m[K [01;36m[Knote: [m[Kthe lambda has no capture-default
   80 | ds(1), [this[01;36m[K][m[K()
      |             [01;36m[K^[m[K

[01m[K/home/dongkuo/lt_ws/loc_ws/src/point2d_loc/src/pointcloud_to_laserscan.cpp:66:5:[m[K [01;36m[Knote: [m[Kâ€˜[01m[K<typeprefixerror>map_pub_[m[Kâ€™ declared here
   66 |     [01;36m[Kmap_pub_[m[K = this->create_publisher<nav_msgs::msg::OccupancyGrid>("map", map_qos);
      |     [01;36m[K^~~~~~~~[m[K
[01m[K/home/dongkuo/lt_ws/loc_ws/src/point2d_loc/src/pointcloud_to_laserscan.cpp:81:58:[m[K [01;31m[Kerror: [m[Kâ€˜[01m[Kmap_msg_[m[Kâ€™ is not captured
   81 | ish([01;31m[Kmap_msg_[m[K); });
      |     [01;31m[K^~~~~~~~[m[K

[01m[K/home/dongkuo/lt_ws/loc_ws/src/point2d_loc/src/pointcloud_to_laserscan.cpp:80:68:[m[K [01;36m[Knote: [m[Kthe lambda has no capture-default
   80 | ds(1), [this[01;36m[K][m[K()
      |             [01;36m[K^[m[K

[01m[K/home/dongkuo/lt_ws/loc_ws/src/point2d_loc/src/pointcloud_to_laserscan.cpp:60:5:[m[K [01;36m[Knote: [m[Kâ€˜[01m[K<typeprefixerror>map_msg_[m[Kâ€™ declared here
   60 |     [01;36m[Kmap_msg_[m[K = loadMap(yaml_file, 0.05, image_file);
      |     [01;36m[K^~~~~~~~[m[K
[01m[K/home/dongkuo/lt_ws/loc_ws/src/point2d_loc/src/pointcloud_to_laserscan.cpp:[m[K In constructor â€˜[01m[KPointCloudTFNode::PointCloudTFNode()[m[Kâ€™:
[01m[K/home/dongkuo/lt_ws/loc_ws/src/point2d_loc/src/pointcloud_to_laserscan.cpp:84:5:[m[K [01;31m[Kerror: [m[Kâ€˜[01m[Ktf_pub_timer_[m[Kâ€™ was not declared in this scope
   84 |     [01;31m[Ktf_pub_timer_[m[K = this->create_wall_timer(std::chrono::milliseconds(100),
      |     [01;31m[K^~~~~~~~~~~~~[m[K
[01m[K/home/dongkuo/lt_ws/loc_ws/src/point2d_loc/src/pointcloud_to_laserscan.cpp:[m[K In member function â€˜[01m[Kvoid PointCloudTFNode::publishTFTransform()[m[Kâ€™:
[01m[K/home/dongkuo/lt_ws/loc_ws/src/point2d_loc/src/pointcloud_to_laserscan.cpp:92:38:[m[K [01;31m[Kerror: [m[Kâ€˜[01m[Ktf_mutex_[m[Kâ€™ was not declared in this scope
   92 | ock([01;31m[Ktf_mutex_[m[K);
      |     [01;31m[K^~~~~~~~~[m[K

[01m[K/home/dongkuo/lt_ws/loc_ws/src/point2d_loc/src/pointcloud_to_laserscan.cpp:93:9:[m[K [01;31m[Kerror: [m[Kâ€˜[01m[Khas_valid_tf_[m[Kâ€™ was not declared in this scope
   93 | if ([01;31m[Khas_valid_tf_[m[K)
      |     [01;31m[K^~~~~~~~~~~~~[m[K

[01m[K/home/dongkuo/lt_ws/loc_ws/src/point2d_loc/src/pointcloud_to_laserscan.cpp:95:7:[m[K [01;31m[Kerror: [m[Kâ€˜[01m[Klatest_tf_[m[Kâ€™ was not declared in this scope
   95 |     [01;31m[Klatest_tf_[m[K.header.stamp = this->get_clock()->now();
      |     [01;31m[K^~~~~~~~~~[m[K

[01m[K/home/dongkuo/lt_ws/loc_ws/src/point2d_loc/src/pointcloud_to_laserscan.cpp:96:7:[m[K [01;31m[Kerror: [m[Kâ€˜[01m[Ktf_broadcaster_[m[Kâ€™ was not declared in this scope
   96 |     [01;31m[Ktf_broadcaster_[m[K.sendTransform(latest_tf_);
      |     [01;31m[K^~~~~~~~~~~~~~~[m[K

[01m[K/home/dongkuo/lt_ws/loc_ws/src/point2d_loc/src/pointcloud_to_laserscan.cpp:[m[K In member function â€˜[01m[Kvoid PointCloudTFNode::poseCallback(geometry_msgs::msg::PoseWithCovarianceStamped_<std::allocator<void> >::SharedPtr)[m[Kâ€™:
[01m[K/home/dongkuo/lt_ws/loc_ws/src/point2d_loc/src/pointcloud_to_laserscan.cpp:114:38:[m[K [01;31m[Kerror: [m[Krequest for member â€˜[01m[Kempty[m[Kâ€™ in â€˜[01m[K*((PointCloudTFNode*)this)->PointCloudTFNode::scan_cloud_[m[Kâ€™, which is of non-class type â€˜[01m[Kint[m[Kâ€™
  114 | d_->[01;31m[Kempty[m[K() || !map_cloud_ || map_cloud_->empty())
      |     [01;31m[K^~~~~[m[K

[01m[K/home/dongkuo/lt_ws/loc_ws/src/point2d_loc/src/pointcloud_to_laserscan.cpp:114:50:[m[K [01;31m[Kerror: [m[Kâ€˜[01m[Kmap_cloud_[m[Kâ€™ was not declared in this scope; did you mean â€˜[01m[Kscan_cloud_[m[Kâ€™?
  114 | || ![01;31m[Kmap_cloud_[m[K || map_cloud_->empty())
      |     [01;31m[K^~~~~~~~~~[m[K
      |     [32m[Kscan_cloud_[m[K
[01m[K/home/dongkuo/lt_ws/loc_ws/src/point2d_loc/src/pointcloud_to_laserscan.cpp:131:24:[m[K [01;31m[Kerror: [m[Kcannot convert â€˜[01m[Kint*[m[Kâ€™ to â€˜[01m[Kconst PointCloudSourceConstPtr&[m[Kâ€™ {aka â€˜[01m[Kconst std::shared_ptr<const pcl::PointCloud<pcl::PointXYZ> >&[m[Kâ€™}
  131 | rce([01;31m[Korigin_cloud[m[K);
      |     [01;31m[K^~~~~~~~~~~~[m[K
      |     [01;31m[K|[m[K
      |     [01;31m[Kint*[m[K

In file included from [01m[K/home/dongkuo/lt_ws/loc_ws/src/point2d_loc/src/pointcloud_to_laserscan.cpp:18[m[K:
[01m[K/usr/include/pcl-1.12/pcl/registration/icp.h:207:50:[m[K [01;36m[Knote: [m[K  initializing argument 1 of â€˜[01m[Kvoid pcl::IterativeClosestPoint<PointSource, PointTarget, Scalar>::setInputSource(const PointCloudSourceConstPtr&) [with PointSource = pcl::PointXYZ; PointTarget = pcl::PointXYZ; Scalar = float; pcl::IterativeClosestPoint<PointSource, PointTarget, Scalar>::PointCloudSourceConstPtr = std::shared_ptr<const pcl::PointCloud<pcl::PointXYZ> >][m[Kâ€™
  207 | [01;36m[Ktr& cloud[m[K) override
      | [01;36m[K~~~~^~~~~[m[K

[01m[K/home/dongkuo/lt_ws/loc_ws/src/point2d_loc/src/pointcloud_to_laserscan.cpp:132:24:[m[K [01;31m[Kerror: [m[Kâ€˜[01m[Kmap_cloud_[m[Kâ€™ was not declared in this scope; did you mean â€˜[01m[Kscan_cloud_[m[Kâ€™?
  132 | get([01;31m[Kmap_cloud_[m[K);
      |     [01;31m[K^~~~~~~~~~[m[K
      |     [32m[Kscan_cloud_[m[K
[01m[K/home/dongkuo/lt_ws/loc_ws/src/point2d_loc/src/pointcloud_to_laserscan.cpp:[m[K In lambda function:
[01m[K/home/dongkuo/lt_ws/loc_ws/src/point2d_loc/src/pointcloud_to_laserscan.cpp:166:17:[m[K [01;31m[Kerror: [m[Kâ€˜[01m[Kalign_cloud_pub_[m[Kâ€™ was not declared in this scope
  166 |     [01;31m[Kalign_cloud_pub_[m[K->publish(aligned_msg);
      |     [01;31m[K^~~~~~~~~~~~~~~~[m[K

[01m[K/home/dongkuo/lt_ws/loc_ws/src/point2d_loc/src/pointcloud_to_laserscan.cpp:[m[K In member function â€˜[01m[Kvoid PointCloudTFNode::poseCallback(geometry_msgs::msg::PoseWithCovarianceStamped_<std::allocator<void> >::SharedPtr)[m[Kâ€™:
[01m[K/home/dongkuo/lt_ws/loc_ws/src/point2d_loc/src/pointcloud_to_laserscan.cpp:173:7:[m[K [01;31m[Kerror: [m[Kâ€˜[01m[Kalign_flag_pub_[m[Kâ€™ was not declared in this scope
  173 |     [01;31m[Kalign_flag_pub_[m[K->publish(flag_msg);
      |     [01;31m[K^~~~~~~~~~~~~~~[m[K

[01m[K/home/dongkuo/lt_ws/loc_ws/src/point2d_loc/src/pointcloud_to_laserscan.cpp:188:7:[m[K [01;31m[Kerror: [m[Kâ€˜[01m[Klocal_pos_pub_[m[Kâ€™ was not declared in this scope
  188 |     [01;31m[Klocal_pos_pub_[m[K->publish(geo_msg);
      |     [01;31m[K^~~~~~~~~~~~~~[m[K

[01m[K/home/dongkuo/lt_ws/loc_ws/src/point2d_loc/src/pointcloud_to_laserscan.cpp:192:42:[m[K [01;31m[Kerror: [m[Kâ€˜[01m[Ktf_mutex_[m[Kâ€™ was not declared in this scope
  192 | ock([01;31m[Ktf_mutex_[m[K);
      |     [01;31m[K^~~~~~~~~[m[K

[01m[K/home/dongkuo/lt_ws/loc_ws/src/point2d_loc/src/pointcloud_to_laserscan.cpp:193:9:[m[K [01;31m[Kerror: [m[Kâ€˜[01m[Klatest_tf_[m[Kâ€™ was not declared in this scope
  193 |     [01;31m[Klatest_tf_[m[K.header.stamp = this->get_clock()->now();
      |     [01;31m[K^~~~~~~~~~[m[K

[01m[K/home/dongkuo/lt_ws/loc_ws/src/point2d_loc/src/pointcloud_to_laserscan.cpp:207:9:[m[K [01;31m[Kerror: [m[Kâ€˜[01m[Khas_valid_tf_[m[Kâ€™ was not declared in this scope
  207 |     [01;31m[Khas_valid_tf_[m[K = true;
      |     [01;31m[K^~~~~~~~~~~~~[m[K

[01m[K/home/dongkuo/lt_ws/loc_ws/src/point2d_loc/src/pointcloud_to_laserscan.cpp:[m[K In member function â€˜[01m[Kvoid PointCloudTFNode::cloudCallback(sensor_msgs::msg::PointCloud2_<std::allocator<void> >::SharedPtr)[m[Kâ€™:
[01m[K/home/dongkuo/lt_ws/loc_ws/src/point2d_loc/src/pointcloud_to_laserscan.cpp:228:26:[m[K [01;31m[Kerror: [m[Kâ€˜[01m[Ktf_buffer_[m[Kâ€™ was not declared in this scope
  228 | d = [01;31m[Ktf_buffer_[m[K.lookupTransform(
      |     [01;31m[K^~~~~~~~~~[m[K

[01m[K/home/dongkuo/lt_ws/loc_ws/src/point2d_loc/src/pointcloud_to_laserscan.cpp:229:11:[m[K [01;31m[Kerror: [m[Kâ€˜[01m[Ktarget_frame_[m[Kâ€™ was not declared in this scope
  229 |     [01;31m[Ktarget_frame_[m[K, msg->header.frame_id, tf2::TimePointZero);
      |     [01;31m[K^~~~~~~~~~~~~[m[K

[01m[K/home/dongkuo/lt_ws/loc_ws/src/point2d_loc/src/pointcloud_to_laserscan.cpp:242:43:[m[K [01;31m[Kerror: [m[Kâ€˜[01m[Ktarget_frame_[m[Kâ€™ was not declared in this scope
  242 | d = [01;31m[Ktarget_frame_[m[K;
      |     [01;31m[K^~~~~~~~~~~~~[m[K

[01m[K/home/dongkuo/lt_ws/loc_ws/src/point2d_loc/src/pointcloud_to_laserscan.cpp:[m[K At global scope:
[01m[K/home/dongkuo/lt_ws/loc_ws/src/point2d_loc/src/pointcloud_to_laserscan.cpp:316:32:[m[K [01;31m[Kerror: [m[Kexpected initializer before â€˜[01m[KloadMap[m[Kâ€™
  316 | rid [01;31m[KloadMap[m[K(const std::string &pgm_file, double resolution, const std::string &override_image_file = "")
      |     [01;31m[K^~~~~~~[m[K

[01m[K/home/dongkuo/lt_ws/loc_ws/src/point2d_loc/src/pointcloud_to_laserscan.cpp:[m[K In function â€˜[01m[Ksensor_msgs::msg::PointCloud2 mapToPointCloud(const OccupancyGrid&)[m[Kâ€™:
[01m[K/home/dongkuo/lt_ws/loc_ws/src/point2d_loc/src/pointcloud_to_laserscan.cpp:410:5:[m[K [01;31m[Kerror: [m[Kâ€˜[01m[Kmap_cloud_[m[Kâ€™ was not declared in this scope
  410 |     [01;31m[Kmap_cloud_[m[K->clear();
      |     [01;31m[K^~~~~~~~~~[m[K
[01m[K/home/dongkuo/lt_ws/loc_ws/src/point2d_loc/src/pointcloud_to_laserscan.cpp:415:30:[m[K [01;31m[Kerror: [m[Kinvalid use of â€˜[01m[Kthis[m[Kâ€™ in non-member function
  415 | p = [01;31m[Kthis[m[K->get_clock()->now();
      |     [01;31m[K^~~~[m[K

[01m[K/home/dongkuo/lt_ws/loc_ws/src/point2d_loc/src/pointcloud_to_laserscan.cpp:[m[K At global scope:
[01m[K/home/dongkuo/lt_ws/loc_ws/src/point2d_loc/src/pointcloud_to_laserscan.cpp:421:19:[m[K [01;31m[Kerror: [m[Kno matching function for call to â€˜[01m[Ktf2_ros::Buffer::Buffer()[m[Kâ€™
  421 | fer [01;31m[Ktf_buffer_[m[K;
      |     [01;31m[K^~~~~~~~~~[m[K

In file included from [01m[K/opt/ros/humble/include/tf2_ros/tf2_ros/buffer.h:35[m[K,
                 from [01m[K/home/dongkuo/lt_ws/loc_ws/src/point2d_loc/src/pointcloud_to_laserscan.cpp:11[m[K:
[01m[K/opt/ros/humble/include/tf2_ros/tf2_ros/buffer.hpp:73:18:[m[K [01;36m[Knote: [m[Kcandidate: â€˜[01m[Ktf2_ros::Buffer::Buffer(rclcpp::Clock::SharedPtr, tf2::Duration, rclcpp::Node::SharedPtr)[m[Kâ€™
   73 | _PUBLIC [01;36m[KBuffer[m[K(
      |         [01;36m[K^~~~~~[m[K

[01m[K/opt/ros/humble/include/tf2_ros/tf2_ros/buffer.hpp:73:18:[m[K [01;36m[Knote: [m[K  candidate expects 3 arguments, 0 provided
[01m[K/home/dongkuo/lt_ws/loc_ws/src/point2d_loc/src/pointcloud_to_laserscan.cpp:422:30:[m[K [01;31m[Kerror: [m[Kno matching function for call to â€˜[01m[Ktf2_ros::TransformListener::TransformListener()[m[Kâ€™
  422 | ner [01;31m[Ktf_listener_[m[K;
      |     [01;31m[K^~~~~~~~~~~~[m[K

In file included from [01m[K/opt/ros/humble/include/tf2_ros/tf2_ros/transform_listener.h:35[m[K,
                 from [01m[K/home/dongkuo/lt_ws/loc_ws/src/point2d_loc/src/pointcloud_to_laserscan.cpp:10[m[K:
[01m[K/opt/ros/humble/include/tf2_ros/tf2_ros/transform_listener.hpp:90:3:[m[K [01;36m[Knote: [m[Kcandidate: â€˜[01m[Ktemplate<class NodeT, class AllocatorT> tf2_ros::TransformListener::TransformListener(tf2::BufferCore&, NodeT&&, bool, const rclcpp::QoS&, const rclcpp::QoS&, const rclcpp::SubscriptionOptionsWithAllocator<AllocatorT>&, const rclcpp::SubscriptionOptionsWithAllocator<AllocatorT>&)[m[Kâ€™
   90 |   [01;36m[KTransformListener[m[K(
      |   [01;36m[K^~~~~~~~~~~~~~~~~[m[K
[01m[K/opt/ros/humble/include/tf2_ros/tf2_ros/transform_listener.hpp:90:3:[m[K [01;36m[Knote: [m[K  template argument deduction/substitution failed:
[01m[K/home/dongkuo/lt_ws/loc_ws/src/point2d_loc/src/pointcloud_to_laserscan.cpp:422:30:[m[K [01;36m[Knote: [m[K  candidate expects 7 arguments, 0 provided
  422 | ner [01;36m[Ktf_listener_[m[K;
      |     [01;36m[K^~~~~~~~~~~~[m[K

In file included from [01m[K/opt/ros/humble/include/tf2_ros/tf2_ros/transform_listener.h:35[m[K,
                 from [01m[K/home/dongkuo/lt_ws/loc_ws/src/point2d_loc/src/pointcloud_to_laserscan.cpp:10[m[K:
[01m[K/opt/ros/humble/include/tf2_ros/tf2_ros/transform_listener.hpp:87:12:[m[K [01;36m[Knote: [m[Kcandidate: â€˜[01m[Ktf2_ros::TransformListener::TransformListener(tf2::BufferCore&, bool)[m[Kâ€™
   87 | cit [01;36m[KTransformListener[m[K(tf2::BufferCore & buffer, bool spin_thread = true);
      |     [01;36m[K^~~~~~~~~~~~~~~~~[m[K

[01m[K/opt/ros/humble/include/tf2_ros/tf2_ros/transform_listener.hpp:87:12:[m[K [01;36m[Knote: [m[K  candidate expects 2 arguments, 0 provided
[01m[K/home/dongkuo/lt_ws/loc_ws/src/point2d_loc/src/pointcloud_to_laserscan.cpp:423:49:[m[K [01;31m[Kerror: [m[Kinvalid use of â€˜[01m[Kthis[m[Kâ€™ at top level
  423 | dcaster_{[01;31m[Kthis[m[K};
      |          [01;31m[K^~~~[m[K

[01m[K/home/dongkuo/lt_ws/loc_ws/src/point2d_loc/src/pointcloud_to_laserscan.cpp:423:53:[m[K [01;31m[Kerror: [m[Kno matching function for call to â€˜[01m[Ktf2_ros::TransformBroadcaster::TransformBroadcaster(<brace-enclosed initializer list>)[m[Kâ€™
  423 | dcaster_{this[01;31m[K}[m[K;
      |              [01;31m[K^[m[K

In file included from [01m[K/opt/ros/humble/include/tf2_ros/tf2_ros/transform_broadcaster.h:36[m[K,
                 from [01m[K/home/dongkuo/lt_ws/loc_ws/src/point2d_loc/src/pointcloud_to_laserscan.cpp:22[m[K:
[01m[K/opt/ros/humble/include/tf2_ros/tf2_ros/transform_broadcaster.hpp:58:3:[m[K [01;36m[Knote: [m[Kcandidate: â€˜[01m[Ktemplate<class NodeT, class AllocatorT> tf2_ros::TransformBroadcaster::TransformBroadcaster(NodeT&&, const rclcpp::QoS&, const rclcpp::PublisherOptionsWithAllocator<AllocatorT>&)[m[Kâ€™
   58 |   [01;36m[KTransformBroadcaster[m[K(
      |   [01;36m[K^~~~~~~~~~~~~~~~~~~~[m[K
[01m[K/opt/ros/humble/include/tf2_ros/tf2_ros/transform_broadcaster.hpp:58:3:[m[K [01;36m[Knote: [m[K  template argument deduction/substitution failed:
[01m[K/opt/ros/humble/include/tf2_ros/tf2_ros/transform_broadcaster.hpp:53:7:[m[K [01;36m[Knote: [m[Kcandidate: â€˜[01m[Ktf2_ros::TransformBroadcaster::TransformBroadcaster(const tf2_ros::TransformBroadcaster&)[m[Kâ€™
   53 | ass [01;36m[KTransformBroadcaster[m[K
      |     [01;36m[K^~~~~~~~~~~~~~~~~~~~[m[K

[01m[K/opt/ros/humble/include/tf2_ros/tf2_ros/transform_broadcaster.hpp:53:7:[m[K [01;36m[Knote: [m[K  conversion of argument 1 would be ill-formed:
[01m[K/opt/ros/humble/include/tf2_ros/tf2_ros/transform_broadcaster.hpp:53:7:[m[K [01;36m[Knote: [m[Kcandidate: â€˜[01m[Ktf2_ros::TransformBroadcaster::TransformBroadcaster(tf2_ros::TransformBroadcaster&&)[m[Kâ€™
[01m[K/opt/ros/humble/include/tf2_ros/tf2_ros/transform_broadcaster.hpp:53:7:[m[K [01;36m[Knote: [m[K  conversion of argument 1 would be ill-formed:
[01m[K/home/dongkuo/lt_ws/loc_ws/src/point2d_loc/src/pointcloud_to_laserscan.cpp:446:1:[m[K [01;31m[Kerror: [m[Kexpected declaration before â€˜[01m[K}[m[Kâ€™ token
  446 | [01;31m[K}[m[K;
      | [01;31m[K^[m[K
gmake[2]: *** [CMakeFiles/pointcloud_to_laserscan.dir/build.make:76: CMakeFiles/pointcloud_to_laserscan.dir/src/pointcloud_to_laserscan.cpp.o] Error 1
gmake[1]: *** [CMakeFiles/Makefile2:139: CMakeFiles/pointcloud_to_laserscan.dir/all] Error 2
gmake: *** [Makefile:146: all] Error 2
